0 verbose cli /data/data/com.termux/files/usr/bin/node /data/data/com.termux/files/home/.nvm/versions/node/v18.20.8/bin/npm
1 info using npm@10.8.2
2 info using node@v22.17.1
3 silly config load:file:/data/data/com.termux/files/home/.nvm/versions/node/v18.20.8/lib/node_modules/npm/npmrc
4 silly config load:file:/data/data/com.termux/files/home/.npmrc
5 silly config load:file:/data/data/com.termux/files/usr/etc/npmrc
6 verbose title npm list
7 verbose argv "list" "--global" "--depth" "0"
8 verbose logfile logs-max:10 dir:/data/data/com.termux/files/home/.npm/_logs/2025-08-03T12_30_53_419Z-
9 verbose logfile /data/data/com.termux/files/home/.npm/_logs/2025-08-03T12_30_53_419Z-debug-0.log
10 silly packumentCache heap:937689088 maxSize:234422272 maxEntrySize:117211136
11 silly logfile start cleaning logs, removing 1 files
12 silly logfile done cleaning log files
13 http fetch GET 200 https://registry.npmjs.org/npm 1635ms
14 verbose cwd /data/data/com.termux/files/home/discord-server-bot
15 verbose os Linux 5.4.259-perf-g98b987981a60
16 verbose node v22.17.1
17 verbose npm  v10.8.2
18 notice
18 notice New major version of npm available! 10.8.2 -> 11.5.2
18 notice Changelog: https://github.com/npm/cli/releases/tag/v11.5.2
18 notice To update run: npm install -g npm@11.5.2
18 notice  { force: true, [Symbol(proc-log.meta)]: true }
19 verbose exit 0
20 info ok
