0 verbose cli /data/data/com.termux/files/usr/bin/node /data/data/com.termux/files/usr/bin/npm
1 info using npm@11.4.2
2 info using node@v24.4.1
3 silly config load:file:/data/data/com.termux/files/usr/lib/node_modules/npm/npmrc
4 silly config load:file:/data/data/com.termux/files/home/discord-server-bot/.npmrc
5 silly config load:file:/data/data/com.termux/files/home/.npmrc
6 silly config load:file:/data/data/com.termux/files/usr/etc/npmrc
7 verbose title npm install
8 verbose argv "install"
9 verbose logfile logs-max:10 dir:/data/data/com.termux/files/home/.npm/_logs/2025-08-02T20_43_36_162Z-
10 verbose logfile /data/data/com.termux/files/home/.npm/_logs/2025-08-02T20_43_36_162Z-debug-0.log
11 silly logfile start cleaning logs, removing 1 files
12 silly packumentCache heap:1013186560 maxSize:253296640 maxEntrySize:126648320
13 silly logfile done cleaning log files
14 silly idealTree buildDeps
15 silly reify moves {}
16 silly audit bulk request {
16 silly audit   '@discordjs/builders': [ '1.11.2' ],
16 silly audit   '@discordjs/collection': [ '1.5.3', '2.1.1' ],
16 silly audit   '@discordjs/formatters': [ '0.6.1' ],
16 silly audit   '@discordjs/rest': [ '2.5.1' ],
16 silly audit   '@discordjs/util': [ '1.1.1' ],
16 silly audit   '@discordjs/ws': [ '1.2.3' ],
16 silly audit   '@eslint-community/eslint-utils': [ '4.7.0' ],
16 silly audit   'eslint-visitor-keys': [ '3.4.3', '4.2.1' ],
16 silly audit   '@eslint-community/regexpp': [ '4.12.1' ],
16 silly audit   '@eslint/config-array': [ '0.21.0' ],
16 silly audit   '@eslint/config-helpers': [ '0.3.0' ],
16 silly audit   '@eslint/core': [ '0.15.1' ],
16 silly audit   '@eslint/eslintrc': [ '3.3.1' ],
16 silly audit   '@eslint/js': [ '9.32.0' ],
16 silly audit   '@eslint/object-schema': [ '2.1.6' ],
16 silly audit   '@eslint/plugin-kit': [ '0.3.4' ],
16 silly audit   '@humanfs/core': [ '0.19.1' ],
16 silly audit   '@humanfs/node': [ '0.16.6' ],
16 silly audit   '@humanwhocodes/retry': [ '0.3.1', '0.4.3' ],
16 silly audit   '@humanwhocodes/module-importer': [ '1.0.1' ],
16 silly audit   '@sapphire/async-queue': [ '1.5.5' ],
16 silly audit   '@sapphire/shapeshift': [ '4.0.0' ],
16 silly audit   '@sapphire/snowflake': [ '3.5.3' ],
16 silly audit   '@types/estree': [ '1.0.8' ],
16 silly audit   '@types/json-schema': [ '7.0.15' ],
16 silly audit   '@types/node': [ '24.1.0' ],
16 silly audit   '@types/ws': [ '8.18.1' ],
16 silly audit   '@vladfrangu/async_event_emitter': [ '2.4.6' ],
16 silly audit   accepts: [ '2.0.0' ],
16 silly audit   acorn: [ '8.15.0' ],
16 silly audit   'acorn-jsx': [ '5.3.2' ],
16 silly audit   ajv: [ '6.12.6' ],
16 silly audit   'ansi-styles': [ '4.3.0' ],
16 silly audit   argparse: [ '2.0.1' ],
16 silly audit   'asn1.js': [ '5.4.1' ],
16 silly audit   async: [ '2.6.4' ],
16 silly audit   bagpipe: [ '0.3.5' ],
16 silly audit   'balanced-match': [ '1.0.2' ],
16 silly audit   base64url: [ '3.0.1' ],
16 silly audit   'bn.js': [ '4.12.2' ],
16 silly audit   'body-parser': [ '2.2.0' ],
16 silly audit   'brace-expansion': [ '1.1.12' ],
16 silly audit   bytes: [ '3.1.2' ],
16 silly audit   'call-bind-apply-helpers': [ '1.0.2' ],
16 silly audit   'call-bound': [ '1.0.4' ],
16 silly audit   callsites: [ '3.1.0' ],
16 silly audit   chalk: [ '4.1.2' ],
16 silly audit   'color-convert': [ '2.0.1' ],
16 silly audit   'color-name': [ '1.1.4' ],
16 silly audit   'concat-map': [ '0.0.1' ],
16 silly audit   'content-disposition': [ '1.0.0' ],
16 silly audit   'content-type': [ '1.0.5' ],
16 silly audit   cookie: [ '0.7.2' ],
16 silly audit   'cookie-signature': [ '1.2.2', '1.0.7' ],
16 silly audit   'cron-parser': [ '5.3.0' ],
16 silly audit   'cross-spawn': [ '7.0.6' ],
16 silly audit   debug: [ '4.4.1', '2.6.9' ],
16 silly audit   'deep-is': [ '0.1.4' ],
16 silly audit   depd: [ '2.0.0' ],
16 silly audit   'discord-api-types': [ '0.38.16' ],
16 silly audit   'discord.js': [ '14.21.0' ],
16 silly audit   dotenv: [ '17.2.0' ],
16 silly audit   doublearray: [ '0.0.2' ],
16 silly audit   'dunder-proto': [ '1.0.1' ],
16 silly audit   'ee-first': [ '1.1.1' ],
16 silly audit   encodeurl: [ '2.0.0' ],
16 silly audit   'es-define-property': [ '1.0.1' ],
16 silly audit   'es-errors': [ '1.3.0' ],
16 silly audit   'es-object-atoms': [ '1.1.1' ],
16 silly audit   'escape-html': [ '1.0.3' ],
16 silly audit   'escape-string-regexp': [ '4.0.0' ],
16 silly audit   eslint: [ '9.32.0' ],
16 silly audit   'eslint-config-prettier': [ '10.1.8' ],
16 silly audit   'eslint-scope': [ '8.4.0' ],
16 silly audit   espree: [ '10.4.0' ],
16 silly audit   esquery: [ '1.6.0' ],
16 silly audit   esrecurse: [ '4.3.0' ],
16 silly audit   estraverse: [ '5.3.0' ],
16 silly audit   esutils: [ '2.0.3' ],
16 silly audit   etag: [ '1.8.1' ],
16 silly audit   express: [ '5.1.0' ],
16 silly audit   'express-session': [ '1.18.2' ],
16 silly audit   ms: [ '2.0.0', '2.1.3' ],
16 silly audit   'fast-deep-equal': [ '3.1.3' ],
16 silly audit   'fast-json-stable-stringify': [ '2.1.0' ],
16 silly audit   'fast-levenshtein': [ '2.0.6' ],
16 silly audit   'file-entry-cache': [ '8.0.0' ],
16 silly audit   finalhandler: [ '2.1.0' ],
16 silly audit   'find-up': [ '5.0.0' ],
16 silly audit   'flat-cache': [ '4.0.1' ],
16 silly audit   flatted: [ '3.3.3' ],
16 silly audit   forwarded: [ '0.2.0' ],
16 silly audit   fresh: [ '2.0.0' ],
16 silly audit   'fs-extra': [ '8.1.0' ],
16 silly audit   'function-bind': [ '1.1.2' ],
16 silly audit   'get-intrinsic': [ '1.3.0' ],
16 silly audit   'get-proto': [ '1.0.1' ],
16 silly audit   'glob-parent': [ '6.0.2' ],
16 silly audit   globals: [ '14.0.0' ],
16 silly audit   gopd: [ '1.2.0' ],
16 silly audit   'graceful-fs': [ '4.2.11' ],
16 silly audit   'has-flag': [ '4.0.0' ],
16 silly audit   'has-symbols': [ '1.1.0' ],
16 silly audit   hasown: [ '2.0.2' ],
16 silly audit   'http-errors': [ '2.0.0' ],
16 silly audit   statuses: [ '2.0.1', '2.0.2' ],
16 silly audit   husky: [ '9.1.7' ],
16 silly audit   'iconv-lite': [ '0.6.3' ],
16 silly audit   ignore: [ '5.3.2' ],
16 silly audit   'import-fresh': [ '3.3.1' ],
16 silly audit   imurmurhash: [ '0.1.4' ],
16 silly audit   inherits: [ '2.0.4' ],
16 silly audit   'ipaddr.js': [ '1.9.1' ],
16 silly audit   'is-extglob': [ '2.1.1' ],
16 silly audit   'is-glob': [ '4.0.3' ],
16 silly audit   'is-promise': [ '4.0.0' ],
16 silly audit   'is-typedarray': [ '1.0.0' ],
16 silly audit   isexe: [ '2.0.0' ],
16 silly audit   'js-yaml': [ '4.1.0' ],
16 silly audit   'json-buffer': [ '3.0.1' ],
16 silly audit   'json-schema-traverse': [ '0.4.1' ],
16 silly audit   'json-stable-stringify-without-jsonify': [ '1.0.1' ],
16 silly audit   jsonfile: [ '4.0.0' ],
16 silly audit   keyv: [ '4.5.4' ],
16 silly audit   kruptein: [ '2.2.3' ],
16 silly audit   kuromoji: [ '0.1.2' ],
16 silly audit   levn: [ '0.4.1' ],
16 silly audit   'locate-path': [ '6.0.0' ],
16 silly audit   lodash: [ '4.17.21' ],
16 silly audit   'lodash.merge': [ '4.6.2' ],
16 silly audit   'lodash.snakecase': [ '4.1.1' ],
16 silly audit   luxon: [ '3.7.1' ],
16 silly audit   'magic-bytes.js': [ '1.12.1' ],
16 silly audit   'math-intrinsics': [ '1.1.0' ],
16 silly audit   'media-typer': [ '1.1.0' ],
16 silly audit   'merge-descriptors': [ '2.0.0' ],
16 silly audit   'mime-db': [ '1.54.0' ],
16 silly audit   'mime-types': [ '3.0.1' ],
16 silly audit   'minimalistic-assert': [ '1.0.1' ],
16 silly audit   minimatch: [ '3.1.2' ],
16 silly audit   'natural-compare': [ '1.4.0' ],
16 silly audit   negotiator: [ '1.0.0' ],
16 silly audit   'node-cron': [ '3.0.3' ],
16 silly audit   oauth: [ '0.10.2' ],
16 silly audit   'object-assign': [ '4.1.1' ],
16 silly audit   'object-inspect': [ '1.13.4' ],
16 silly audit   'on-finished': [ '2.4.1' ],
16 silly audit   'on-headers': [ '1.1.0' ],
16 silly audit   once: [ '1.4.0' ],
16 silly audit   optionator: [ '0.9.4' ],
16 silly audit   'p-limit': [ '3.1.0' ],
16 silly audit   'p-locate': [ '5.0.0' ],
16 silly audit   'parent-module': [ '1.0.1' ],
16 silly audit   parseurl: [ '1.3.3' ],
16 silly audit   passport: [ '0.7.0' ],
16 silly audit   'passport-discord': [ '0.1.4' ],
16 silly audit   'passport-oauth2': [ '1.8.0' ],
16 silly audit   'passport-strategy': [ '1.0.0' ],
16 silly audit   'path-exists': [ '4.0.0' ],
16 silly audit   'path-key': [ '3.1.1' ],
16 silly audit   'path-to-regexp': [ '8.2.0' ],
16 silly audit   pause: [ '0.0.1' ],
16 silly audit   'prelude-ls': [ '1.2.1' ],
16 silly audit   prettier: [ '3.6.2' ],
16 silly audit   'proxy-addr': [ '2.0.7' ],
16 silly audit   punycode: [ '2.3.1' ],
16 silly audit   qs: [ '6.14.0' ],
16 silly audit   'random-bytes': [ '1.0.0' ],
16 silly audit   'range-parser': [ '1.2.1' ],
16 silly audit   'raw-body': [ '3.0.0' ],
16 silly audit   'resolve-from': [ '4.0.0' ],
16 silly audit   retry: [ '0.12.0' ],
16 silly audit   router: [ '2.2.0' ],
16 silly audit   'safe-buffer': [ '5.2.1' ],
16 silly audit   'safer-buffer': [ '2.1.2' ],
16 silly audit   send: [ '1.2.0' ],
16 silly audit   'serve-static': [ '2.2.0' ],
16 silly audit   'session-file-store': [ '1.5.0' ],
16 silly audit   setprototypeof: [ '1.2.0' ],
16 silly audit   'shebang-command': [ '2.0.0' ],
16 silly audit   'shebang-regex': [ '3.0.0' ],
16 silly audit   'side-channel': [ '1.1.0' ],
16 silly audit   'side-channel-list': [ '1.0.0' ],
16 silly audit   'side-channel-map': [ '1.0.1' ],
16 silly audit   'side-channel-weakmap': [ '1.0.2' ],
16 silly audit   'signal-exit': [ '3.0.7' ],
16 silly audit   'strip-json-comments': [ '3.1.1' ],
16 silly audit   'supports-color': [ '7.2.0' ],
16 silly audit   toidentifier: [ '1.0.1' ],
16 silly audit   'ts-mixer': [ '6.0.4' ],
16 silly audit   tslib: [ '2.8.1' ],
16 silly audit   'type-check': [ '0.4.0' ],
16 silly audit   'type-is': [ '2.0.1' ],
16 silly audit   'typedarray-to-buffer': [ '3.1.5' ],
16 silly audit   'uid-safe': [ '2.1.5' ],
16 silly audit   uid2: [ '0.0.4' ],
16 silly audit   undici: [ '6.21.3' ],
16 silly audit   'undici-types': [ '7.8.0' ],
16 silly audit   universalify: [ '0.1.2' ],
16 silly audit   unpipe: [ '1.0.0' ],
16 silly audit   'uri-js': [ '4.4.1' ],
16 silly audit   'utils-merge': [ '1.0.1' ],
16 silly audit   uuid: [ '8.3.2' ],
16 silly audit   vary: [ '1.1.2' ],
16 silly audit   wanakana: [ '5.3.1' ],
16 silly audit   which: [ '2.0.2' ],
16 silly audit   'word-wrap': [ '1.2.5' ],
16 silly audit   wrappy: [ '1.0.2' ],
16 silly audit   'write-file-atomic': [ '3.0.3' ],
16 silly audit   ws: [ '8.18.3' ],
16 silly audit   'yocto-queue': [ '0.1.0' ],
16 silly audit   zlibjs: [ '0.3.1' ]
16 silly audit }
17 http fetch POST 200 https://registry.npmjs.org/-/npm/v1/security/advisories/bulk 940ms
18 silly audit report {}
19 verbose cwd /data/data/com.termux/files/home/discord-server-bot
20 verbose os Linux 5.4.259-perf-g98b987981a60
21 verbose node v24.4.1
22 verbose npm  v11.4.2
23 verbose exit 0
24 info ok
