0 verbose cli /data/data/com.termux/files/usr/bin/node /data/data/com.termux/files/usr/bin/npm
1 info using npm@10.9.2
2 info using node@v22.17.1
3 silly config load:file:/data/data/com.termux/files/usr/lib/node_modules/npm/npmrc
4 silly config load:file:/data/data/com.termux/files/home/discord-server-bot/.npmrc
5 silly config load:file:/data/data/com.termux/files/home/.npmrc
6 silly config load:file:/data/data/com.termux/files/usr/etc/npmrc
7 verbose title npm audit
8 verbose argv "audit"
9 verbose logfile logs-max:10 dir:/data/data/com.termux/files/home/.npm/_logs/2025-08-04T17_10_05_958Z-
10 verbose logfile /data/data/com.termux/files/home/.npm/_logs/2025-08-04T17_10_05_958Z-debug-0.log
11 silly logfile start cleaning logs, removing 1 files
12 silly logfile done cleaning log files
13 silly packumentCache heap:937689088 maxSize:234422272 maxEntrySize:117211136
14 silly audit bulk request {
14 silly audit   '@ampproject/remapping': [ '2.3.0' ],
14 silly audit   '@babel/code-frame': [ '7.27.1' ],
14 silly audit   '@babel/compat-data': [ '7.28.0' ],
14 silly audit   '@babel/core': [ '7.28.0' ],
14 silly audit   '@babel/generator': [ '7.28.0' ],
14 silly audit   '@babel/helper-compilation-targets': [ '7.27.2' ],
14 silly audit   '@babel/helper-globals': [ '7.28.0' ],
14 silly audit   '@babel/helper-module-imports': [ '7.27.1' ],
14 silly audit   '@babel/helper-module-transforms': [ '7.27.3' ],
14 silly audit   '@babel/helper-plugin-utils': [ '7.27.1' ],
14 silly audit   '@babel/helper-string-parser': [ '7.27.1' ],
14 silly audit   '@babel/helper-validator-identifier': [ '7.27.1' ],
14 silly audit   '@babel/helper-validator-option': [ '7.27.1' ],
14 silly audit   '@babel/helpers': [ '7.28.2' ],
14 silly audit   '@babel/parser': [ '7.28.0' ],
14 silly audit   '@babel/plugin-syntax-async-generators': [ '7.8.4' ],
14 silly audit   '@babel/plugin-syntax-bigint': [ '7.8.3' ],
14 silly audit   '@babel/plugin-syntax-class-properties': [ '7.12.13' ],
14 silly audit   '@babel/plugin-syntax-class-static-block': [ '7.14.5' ],
14 silly audit   '@babel/plugin-syntax-import-attributes': [ '7.27.1' ],
14 silly audit   '@babel/plugin-syntax-import-meta': [ '7.10.4' ],
14 silly audit   '@babel/plugin-syntax-json-strings': [ '7.8.3' ],
14 silly audit   '@babel/plugin-syntax-jsx': [ '7.27.1' ],
14 silly audit   '@babel/plugin-syntax-logical-assignment-operators': [ '7.10.4' ],
14 silly audit   '@babel/plugin-syntax-nullish-coalescing-operator': [ '7.8.3' ],
14 silly audit   '@babel/plugin-syntax-numeric-separator': [ '7.10.4' ],
14 silly audit   '@babel/plugin-syntax-object-rest-spread': [ '7.8.3' ],
14 silly audit   '@babel/plugin-syntax-optional-catch-binding': [ '7.8.3' ],
14 silly audit   '@babel/plugin-syntax-optional-chaining': [ '7.8.3' ],
14 silly audit   '@babel/plugin-syntax-private-property-in-object': [ '7.14.5' ],
14 silly audit   '@babel/plugin-syntax-top-level-await': [ '7.14.5' ],
14 silly audit   '@babel/plugin-syntax-typescript': [ '7.27.1' ],
14 silly audit   '@babel/template': [ '7.27.2' ],
14 silly audit   '@babel/traverse': [ '7.28.0' ],
14 silly audit   '@babel/types': [ '7.28.2' ],
14 silly audit   '@bcoe/v8-coverage': [ '0.2.3' ],
14 silly audit   '@commitlint/cli': [ '19.8.1' ],
14 silly audit   '@commitlint/config-conventional': [ '19.8.1' ],
14 silly audit   '@commitlint/config-validator': [ '19.8.1' ],
14 silly audit   ajv: [ '8.17.1', '6.12.6' ],
14 silly audit   'json-schema-traverse': [ '1.0.0', '0.4.1' ],
14 silly audit   '@commitlint/ensure': [ '19.8.1' ],
14 silly audit   '@commitlint/execute-rule': [ '19.8.1' ],
14 silly audit   '@commitlint/format': [ '19.8.1' ],
14 silly audit   chalk: [ '5.5.0', '4.1.2' ],
14 silly audit   '@commitlint/is-ignored': [ '19.8.1' ],
14 silly audit   semver: [ '7.7.2', '6.3.1' ],
14 silly audit   '@commitlint/lint': [ '19.8.1' ],
14 silly audit   '@commitlint/load': [ '19.8.1' ],
14 silly audit   '@commitlint/message': [ '19.8.1' ],
14 silly audit   '@commitlint/parse': [ '19.8.1' ],
14 silly audit   '@commitlint/read': [ '19.8.1' ],
14 silly audit   '@commitlint/resolve-extends': [ '19.8.1' ],
14 silly audit   'resolve-from': [ '5.0.0', '4.0.0' ],
14 silly audit   '@commitlint/rules': [ '19.8.1' ],
14 silly audit   '@commitlint/to-lines': [ '19.8.1' ],
14 silly audit   '@commitlint/top-level': [ '19.8.1' ],
14 silly audit   'find-up': [ '7.0.0', '4.1.0', '5.0.0' ],
14 silly audit   'locate-path': [ '7.2.0', '5.0.0', '6.0.0' ],
14 silly audit   'p-limit': [ '4.0.0', '2.3.0', '3.1.0' ],
14 silly audit   'p-locate': [ '6.0.0', '4.1.0', '5.0.0' ],
14 silly audit   'path-exists': [ '5.0.0', '4.0.0' ],
14 silly audit   'yocto-queue': [ '1.2.1', '0.1.0' ],
14 silly audit   '@commitlint/types': [ '19.8.1' ],
14 silly audit   '@discordjs/builders': [ '1.11.2' ],
14 silly audit   '@discordjs/collection': [ '1.5.3', '2.1.1' ],
14 silly audit   '@discordjs/formatters': [ '0.6.1' ],
14 silly audit   '@discordjs/rest': [ '2.5.1' ],
14 silly audit   '@discordjs/util': [ '1.1.1' ],
14 silly audit   '@discordjs/ws': [ '1.2.3' ],
14 silly audit   '@emnapi/core': [ '1.4.5' ],
14 silly audit   '@emnapi/runtime': [ '1.4.5' ],
14 silly audit   '@emnapi/wasi-threads': [ '1.0.4' ],
14 silly audit   '@eslint-community/eslint-utils': [ '4.7.0' ],
14 silly audit   'eslint-visitor-keys': [ '3.4.3', '4.2.1' ],
14 silly audit   '@eslint-community/regexpp': [ '4.12.1' ],
14 silly audit   '@eslint/config-array': [ '0.21.0' ],
14 silly audit   '@eslint/config-helpers': [ '0.3.0' ],
14 silly audit   '@eslint/core': [ '0.15.1' ],
14 silly audit   '@eslint/eslintrc': [ '3.3.1' ],
14 silly audit   globals: [ '14.0.0', '16.3.0' ],
14 silly audit   '@eslint/js': [ '9.32.0' ],
14 silly audit   '@eslint/object-schema': [ '2.1.6' ],
14 silly audit   '@eslint/plugin-kit': [ '0.3.4' ],
14 silly audit   '@humanfs/core': [ '0.19.1' ],
14 silly audit   '@humanfs/node': [ '0.16.6' ],
14 silly audit   '@humanwhocodes/retry': [ '0.3.1', '0.4.3' ],
14 silly audit   '@humanwhocodes/module-importer': [ '1.0.1' ],
14 silly audit   '@isaacs/cliui': [ '8.0.2' ],
14 silly audit   '@istanbuljs/load-nyc-config': [ '1.1.0' ],
14 silly audit   argparse: [ '1.0.10', '2.0.1' ],
14 silly audit   'js-yaml': [ '3.14.1', '4.1.0' ],
14 silly audit   '@istanbuljs/schema': [ '0.1.3' ],
14 silly audit   '@jest/console': [ '30.0.5' ],
14 silly audit   '@jest/core': [ '30.0.5' ],
14 silly audit   '@jest/diff-sequences': [ '30.0.1' ],
14 silly audit   '@jest/environment': [ '30.0.5' ],
14 silly audit   '@jest/expect': [ '30.0.5' ],
14 silly audit   '@jest/expect-utils': [ '30.0.5' ],
14 silly audit   '@jest/fake-timers': [ '30.0.5' ],
14 silly audit   '@jest/get-type': [ '30.0.1' ],
14 silly audit   '@jest/globals': [ '30.0.5' ],
14 silly audit   '@jest/pattern': [ '30.0.1' ],
14 silly audit   '@jest/reporters': [ '30.0.5' ],
14 silly audit   '@jest/schemas': [ '30.0.5' ],
14 silly audit   '@jest/snapshot-utils': [ '30.0.5' ],
14 silly audit   '@jest/source-map': [ '30.0.1' ],
14 silly audit   '@jest/test-result': [ '30.0.5' ],
14 silly audit   '@jest/test-sequencer': [ '30.0.5' ],
14 silly audit   '@jest/transform': [ '30.0.5' ],
14 silly audit   'signal-exit': [ '4.1.0', '3.0.7' ],
14 silly audit   'write-file-atomic': [ '5.0.1', '3.0.3' ],
14 silly audit   '@jest/types': [ '30.0.5' ],
14 silly audit   '@jridgewell/gen-mapping': [ '0.3.12' ],
14 silly audit   '@jridgewell/resolve-uri': [ '3.1.2' ],
14 silly audit   '@jridgewell/sourcemap-codec': [ '1.5.4' ],
14 silly audit   '@jridgewell/trace-mapping': [ '0.3.29' ],
14 silly audit   '@napi-rs/wasm-runtime': [ '0.2.12' ],
14 silly audit   '@pkgjs/parseargs': [ '0.11.0' ],
14 silly audit   '@pkgr/core': [ '0.2.9' ],
14 silly audit   '@sapphire/async-queue': [ '1.5.5' ],
14 silly audit   '@sapphire/shapeshift': [ '4.0.0' ],
14 silly audit   '@sapphire/snowflake': [ '3.5.3' ],
14 silly audit   '@sinclair/typebox': [ '0.34.38' ],
14 silly audit   '@sinonjs/commons': [ '3.0.1' ],
14 silly audit   '@sinonjs/fake-timers': [ '13.0.5' ],
14 silly audit   '@tybys/wasm-util': [ '0.10.0' ],
14 silly audit   '@types/babel__core': [ '7.20.5' ],
14 silly audit   '@types/babel__generator': [ '7.27.0' ],
14 silly audit   '@types/babel__template': [ '7.4.4' ],
14 silly audit   '@types/babel__traverse': [ '7.28.0' ],
14 silly audit   '@types/conventional-commits-parser': [ '5.0.1' ],
14 silly audit   '@types/estree': [ '1.0.8' ],
14 silly audit   '@types/istanbul-lib-coverage': [ '2.0.6' ],
14 silly audit   '@types/istanbul-lib-report': [ '3.0.3' ],
14 silly audit   '@types/istanbul-reports': [ '3.0.4' ],
14 silly audit   '@types/json-schema': [ '7.0.15' ],
14 silly audit   '@types/node': [ '24.1.0' ],
14 silly audit   '@types/stack-utils': [ '2.0.3' ],
14 silly audit   '@types/ws': [ '8.18.1' ],
14 silly audit   '@types/yargs': [ '17.0.33' ],
14 silly audit   '@types/yargs-parser': [ '21.0.3' ],
14 silly audit   '@ungap/structured-clone': [ '1.3.0' ],
14 silly audit   '@unrs/resolver-binding-android-arm-eabi': [ '1.11.1' ],
14 silly audit   '@unrs/resolver-binding-android-arm64': [ '1.11.1' ],
14 silly audit   '@unrs/resolver-binding-darwin-arm64': [ '1.11.1' ],
14 silly audit   '@unrs/resolver-binding-darwin-x64': [ '1.11.1' ],
14 silly audit   '@unrs/resolver-binding-freebsd-x64': [ '1.11.1' ],
14 silly audit   '@unrs/resolver-binding-linux-arm-gnueabihf': [ '1.11.1' ],
14 silly audit   '@unrs/resolver-binding-linux-arm-musleabihf': [ '1.11.1' ],
14 silly audit   '@unrs/resolver-binding-linux-arm64-gnu': [ '1.11.1' ],
14 silly audit   '@unrs/resolver-binding-linux-arm64-musl': [ '1.11.1' ],
14 silly audit   '@unrs/resolver-binding-linux-ppc64-gnu': [ '1.11.1' ],
14 silly audit   '@unrs/resolver-binding-linux-riscv64-gnu': [ '1.11.1' ],
14 silly audit   '@unrs/resolver-binding-linux-riscv64-musl': [ '1.11.1' ],
14 silly audit   '@unrs/resolver-binding-linux-s390x-gnu': [ '1.11.1' ],
14 silly audit   '@unrs/resolver-binding-linux-x64-gnu': [ '1.11.1' ],
14 silly audit   '@unrs/resolver-binding-linux-x64-musl': [ '1.11.1' ],
14 silly audit   '@unrs/resolver-binding-wasm32-wasi': [ '1.11.1' ],
14 silly audit   '@unrs/resolver-binding-win32-arm64-msvc': [ '1.11.1' ],
14 silly audit   '@unrs/resolver-binding-win32-ia32-msvc': [ '1.11.1' ],
14 silly audit   '@unrs/resolver-binding-win32-x64-msvc': [ '1.11.1' ],
14 silly audit   '@vladfrangu/async_event_emitter': [ '2.4.6' ],
14 silly audit   accepts: [ '2.0.0' ],
14 silly audit   acorn: [ '8.15.0' ],
14 silly audit   'acorn-jsx': [ '5.3.2' ],
14 silly audit   'ansi-escapes': [ '4.3.2' ],
14 silly audit   'ansi-regex': [ '6.1.0', '5.0.1' ],
14 silly audit   'ansi-styles': [ '4.3.0', '5.2.0', '6.2.1' ],
14 silly audit   anymatch: [ '3.1.3' ],
14 silly audit   'array-ify': [ '1.0.0' ],
14 silly audit   'asn1.js': [ '5.4.1' ],
14 silly audit   async: [ '2.6.4' ],
14 silly audit   'babel-jest': [ '30.0.5' ],
14 silly audit   'babel-plugin-istanbul': [ '7.0.0' ],
14 silly audit   'babel-plugin-jest-hoist': [ '30.0.1' ],
14 silly audit   'babel-preset-current-node-syntax': [ '1.2.0' ],
14 silly audit   'babel-preset-jest': [ '30.0.1' ],
14 silly audit   bagpipe: [ '0.3.5' ],
14 silly audit   'balanced-match': [ '1.0.2' ],
14 silly audit   base64url: [ '3.0.1' ],
14 silly audit   'bn.js': [ '4.12.2' ],
14 silly audit   'body-parser': [ '2.2.0' ],
14 silly audit   'brace-expansion': [ '1.1.12', '2.0.2' ],
14 silly audit   braces: [ '3.0.3' ],
14 silly audit   browserslist: [ '4.25.1' ],
14 silly audit   bser: [ '2.1.1' ],
14 silly audit   'buffer-from': [ '1.1.2' ],
14 silly audit   bytes: [ '3.1.2' ],
14 silly audit   'call-bind-apply-helpers': [ '1.0.2' ],
14 silly audit   'call-bound': [ '1.0.4' ],
14 silly audit   callsites: [ '3.1.0' ],
14 silly audit   camelcase: [ '5.3.1', '6.3.0' ],
14 silly audit   'caniuse-lite': [ '1.0.30001731' ],
14 silly audit   'char-regex': [ '1.0.2' ],
14 silly audit   'ci-info': [ '4.3.0' ],
14 silly audit   'cjs-module-lexer': [ '2.1.0' ],
14 silly audit   cliui: [ '8.0.1' ],
14 silly audit   'emoji-regex': [ '8.0.0', '9.2.2' ],
14 silly audit   'string-width': [ '4.2.3', '5.1.2' ],
14 silly audit   'strip-ansi': [ '6.0.1', '7.1.0' ],
14 silly audit   'wrap-ansi': [ '7.0.0', '8.1.0' ],
14 silly audit   co: [ '4.6.0' ],
14 silly audit   'collect-v8-coverage': [ '1.0.2' ],
14 silly audit   'color-convert': [ '2.0.1' ],
14 silly audit   'color-name': [ '1.1.4' ],
14 silly audit   'compare-func': [ '2.0.0' ],
14 silly audit   'concat-map': [ '0.0.1' ],
14 silly audit   'content-disposition': [ '1.0.0' ],
14 silly audit   'content-type': [ '1.0.5' ],
14 silly audit   'conventional-changelog-angular': [ '7.0.0' ],
14 silly audit   'conventional-changelog-conventionalcommits': [ '7.0.2' ],
14 silly audit   'conventional-commits-parser': [ '5.0.0' ],
14 silly audit   'convert-source-map': [ '2.0.0' ],
14 silly audit   cookie: [ '0.7.2' ],
14 silly audit   'cookie-signature': [ '1.2.2', '1.0.7' ],
14 silly audit   cosmiconfig: [ '9.0.0' ],
14 silly audit   'cosmiconfig-typescript-loader': [ '6.1.0' ],
14 silly audit   'cron-parser': [ '5.3.0' ],
14 silly audit   'cross-spawn': [ '7.0.6' ],
14 silly audit   dargs: [ '8.1.0' ],
14 silly audit   debug: [ '4.4.1', '2.6.9' ],
14 silly audit   dedent: [ '1.6.0' ],
14 silly audit   'deep-is': [ '0.1.4' ],
14 silly audit   deepmerge: [ '4.3.1' ],
14 silly audit   depd: [ '2.0.0' ],
14 silly audit   'detect-newline': [ '3.1.0' ],
14 silly audit   'discord-api-types': [ '0.38.16' ],
14 silly audit   'discord.js': [ '14.21.0' ],
14 silly audit   'dot-prop': [ '5.3.0' ],
14 silly audit   dotenv: [ '17.2.0' ],
14 silly audit   doublearray: [ '0.0.2' ],
14 silly audit   'dunder-proto': [ '1.0.1' ],
14 silly audit   eastasianwidth: [ '0.2.0' ],
14 silly audit   'ee-first': [ '1.1.1' ],
14 silly audit   'electron-to-chromium': [ '1.5.194' ],
14 silly audit   emittery: [ '0.13.1' ],
14 silly audit   encodeurl: [ '2.0.0' ],
14 silly audit   'env-paths': [ '2.2.1' ],
14 silly audit   'error-ex': [ '1.3.2' ],
14 silly audit   'es-define-property': [ '1.0.1' ],
14 silly audit   'es-errors': [ '1.3.0' ],
14 silly audit   'es-object-atoms': [ '1.1.1' ],
14 silly audit   escalade: [ '3.2.0' ],
14 silly audit   'escape-html': [ '1.0.3' ],
14 silly audit   'escape-string-regexp': [ '4.0.0', '2.0.0' ],
14 silly audit   eslint: [ '9.32.0' ],
14 silly audit   'eslint-config-prettier': [ '10.1.8' ],
14 silly audit   'eslint-scope': [ '8.4.0' ],
14 silly audit   espree: [ '10.4.0' ],
14 silly audit   esprima: [ '4.0.1' ],
14 silly audit   esquery: [ '1.6.0' ],
14 silly audit   esrecurse: [ '4.3.0' ],
14 silly audit   estraverse: [ '5.3.0' ],
14 silly audit   esutils: [ '2.0.3' ],
14 silly audit   etag: [ '1.8.1' ],
14 silly audit   execa: [ '5.1.1' ],
14 silly audit   'exit-x': [ '0.2.2' ],
14 silly audit   expect: [ '30.0.5' ],
14 silly audit   express: [ '5.1.0' ],
14 silly audit   'express-session': [ '1.18.2' ],
14 silly audit   ms: [ '2.0.0', '2.1.3' ],
14 silly audit   'fast-deep-equal': [ '3.1.3' ],
14 silly audit   'fast-json-stable-stringify': [ '2.1.0' ],
14 silly audit   'fast-levenshtein': [ '2.0.6' ],
14 silly audit   'fast-uri': [ '3.0.6' ],
14 silly audit   'fb-watchman': [ '2.0.2' ],
14 silly audit   'file-entry-cache': [ '8.0.0' ],
14 silly audit   'fill-range': [ '7.1.1' ],
14 silly audit   finalhandler: [ '2.1.0' ],
14 silly audit   'flat-cache': [ '4.0.1' ],
14 silly audit   flatted: [ '3.3.3' ],
14 silly audit   'foreground-child': [ '3.3.1' ],
14 silly audit   forwarded: [ '0.2.0' ],
14 silly audit   fresh: [ '2.0.0' ],
14 silly audit   'fs-extra': [ '8.1.0' ],
14 silly audit   'fs.realpath': [ '1.0.0' ],
14 silly audit   fsevents: [ '2.3.3' ],
14 silly audit   'function-bind': [ '1.1.2' ],
14 silly audit   gensync: [ '1.0.0-beta.2' ],
14 silly audit   'get-caller-file': [ '2.0.5' ],
14 silly audit   'get-intrinsic': [ '1.3.0' ],
14 silly audit   'get-package-type': [ '0.1.0' ],
14 silly audit   'get-proto': [ '1.0.1' ],
14 silly audit   'get-stream': [ '6.0.1' ],
14 silly audit   'git-raw-commits': [ '4.0.0' ],
14 silly audit   glob: [ '10.4.5', '7.2.3' ],
14 silly audit   'glob-parent': [ '6.0.2' ],
14 silly audit   minimatch: [ '9.0.5', '3.1.2' ],
14 silly audit   'global-directory': [ '4.0.1' ],
14 silly audit   gopd: [ '1.2.0' ],
14 silly audit   'graceful-fs': [ '4.2.11' ],
14 silly audit   'has-flag': [ '4.0.0' ],
14 silly audit   'has-symbols': [ '1.1.0' ],
14 silly audit   hasown: [ '2.0.2' ],
14 silly audit   'html-escaper': [ '2.0.2' ],
14 silly audit   'http-errors': [ '2.0.0' ],
14 silly audit   statuses: [ '2.0.1', '2.0.2' ],
14 silly audit   'human-signals': [ '2.1.0' ],
14 silly audit   husky: [ '9.1.7' ],
14 silly audit   'iconv-lite': [ '0.6.3' ],
14 silly audit   ignore: [ '5.3.2' ],
14 silly audit   'import-fresh': [ '3.3.1' ],
14 silly audit   'import-local': [ '3.2.0' ],
14 silly audit   'import-meta-resolve': [ '4.1.0' ],
14 silly audit   imurmurhash: [ '0.1.4' ],
14 silly audit   inflight: [ '1.0.6' ],
14 silly audit   inherits: [ '2.0.4' ],
14 silly audit   ini: [ '4.1.1' ],
14 silly audit   'ipaddr.js': [ '1.9.1' ],
14 silly audit   'is-arrayish': [ '0.2.1' ],
14 silly audit   'is-extglob': [ '2.1.1' ],
14 silly audit   'is-fullwidth-code-point': [ '3.0.0' ],
14 silly audit   'is-generator-fn': [ '2.1.0' ],
14 silly audit   'is-glob': [ '4.0.3' ],
14 silly audit   'is-number': [ '7.0.0' ],
14 silly audit   'is-obj': [ '2.0.0' ],
14 silly audit   'is-promise': [ '4.0.0' ],
14 silly audit   'is-stream': [ '2.0.1' ],
14 silly audit   'is-text-path': [ '2.0.0' ],
14 silly audit   'is-typedarray': [ '1.0.0' ],
14 silly audit   isexe: [ '2.0.0' ],
14 silly audit   'istanbul-lib-coverage': [ '3.2.2' ],
14 silly audit   'istanbul-lib-instrument': [ '6.0.3' ],
14 silly audit   'istanbul-lib-report': [ '3.0.1' ],
14 silly audit   'istanbul-lib-source-maps': [ '5.0.6' ],
14 silly audit   'istanbul-reports': [ '3.1.7' ],
14 silly audit   jackspeak: [ '3.4.3' ],
14 silly audit   jest: [ '30.0.5' ],
14 silly audit   'jest-changed-files': [ '30.0.5' ],
14 silly audit   'jest-circus': [ '30.0.5' ],
14 silly audit   'jest-cli': [ '30.0.5' ],
14 silly audit   'jest-config': [ '30.0.5' ],
14 silly audit   'jest-diff': [ '30.0.5' ],
14 silly audit   'jest-docblock': [ '30.0.1' ],
14 silly audit   'jest-each': [ '30.0.5' ],
14 silly audit   'jest-environment-node': [ '30.0.5' ],
14 silly audit   'jest-haste-map': [ '30.0.5' ],
14 silly audit   'jest-leak-detector': [ '30.0.5' ],
14 silly audit   'jest-matcher-utils': [ '30.0.5' ],
14 silly audit   'jest-message-util': [ '30.0.5' ],
14 silly audit   'jest-mock': [ '30.0.5' ],
14 silly audit   'jest-pnp-resolver': [ '1.2.3' ],
14 silly audit   'jest-regex-util': [ '30.0.1' ],
14 silly audit   'jest-resolve': [ '30.0.5' ],
14 silly audit   'jest-resolve-dependencies': [ '30.0.5' ],
14 silly audit   'jest-runner': [ '30.0.5' ],
14 silly audit   'jest-runtime': [ '30.0.5' ],
14 silly audit   'jest-snapshot': [ '30.0.5' ],
14 silly audit   'jest-util': [ '30.0.5' ],
14 silly audit   picomatch: [ '4.0.3', '2.3.1' ],
14 silly audit   'jest-validate': [ '30.0.5' ],
14 silly audit   'jest-watcher': [ '30.0.5' ],
14 silly audit   'jest-worker': [ '30.0.5' ],
14 silly audit   'supports-color': [ '8.1.1', '7.2.0' ],
14 silly audit   jiti: [ '2.5.1' ],
14 silly audit   'js-tokens': [ '4.0.0' ],
14 silly audit   jsesc: [ '3.1.0' ],
14 silly audit   'json-buffer': [ '3.0.1' ],
14 silly audit   'json-parse-even-better-errors': [ '2.3.1' ],
14 silly audit   'json-stable-stringify-without-jsonify': [ '1.0.1' ],
14 silly audit   json5: [ '2.2.3' ],
14 silly audit   jsonfile: [ '4.0.0' ],
14 silly audit   jsonparse: [ '1.3.1' ],
14 silly audit   JSONStream: [ '1.3.5' ],
14 silly audit   keyv: [ '4.5.4' ],
14 silly audit   kruptein: [ '2.2.3' ],
14 silly audit   kuromoji: [ '0.1.2' ],
14 silly audit   leven: [ '3.1.0' ],
14 silly audit   levn: [ '0.4.1' ],
14 silly audit   'lines-and-columns': [ '1.2.4' ],
14 silly audit   lodash: [ '4.17.21' ],
14 silly audit   'lodash.camelcase': [ '4.3.0' ],
14 silly audit   'lodash.isplainobject': [ '4.0.6' ],
14 silly audit   'lodash.kebabcase': [ '4.1.1' ],
14 silly audit   'lodash.merge': [ '4.6.2' ],
14 silly audit   'lodash.mergewith': [ '4.6.2' ],
14 silly audit   'lodash.snakecase': [ '4.1.1' ],
14 silly audit   'lodash.startcase': [ '4.4.0' ],
14 silly audit   'lodash.uniq': [ '4.5.0' ],
14 silly audit   'lodash.upperfirst': [ '4.3.1' ],
14 silly audit   'lru-cache': [ '5.1.1', '10.4.3' ],
14 silly audit   luxon: [ '3.7.1' ],
14 silly audit   'magic-bytes.js': [ '1.12.1' ],
14 silly audit   'make-dir': [ '4.0.0' ],
14 silly audit   makeerror: [ '1.0.12' ],
14 silly audit   'math-intrinsics': [ '1.1.0' ],
14 silly audit   'media-typer': [ '1.1.0' ],
14 silly audit   meow: [ '12.1.1' ],
14 silly audit   'merge-descriptors': [ '2.0.0' ],
14 silly audit   'merge-stream': [ '2.0.0' ],
14 silly audit   micromatch: [ '4.0.8' ],
14 silly audit   'mime-db': [ '1.54.0' ],
14 silly audit   'mime-types': [ '3.0.1' ],
14 silly audit   'mimic-fn': [ '2.1.0' ],
14 silly audit   'minimalistic-assert': [ '1.0.1' ],
14 silly audit   minimist: [ '1.2.8' ],
14 silly audit   minipass: [ '7.1.2' ],
14 silly audit   'napi-postinstall': [ '0.3.2' ],
14 silly audit   'natural-compare': [ '1.4.0' ],
14 silly audit   negotiator: [ '1.0.0' ],
14 silly audit   'node-cron': [ '3.0.3' ],
14 silly audit   'node-int64': [ '0.4.0' ],
14 silly audit   'node-releases': [ '2.0.19' ],
14 silly audit   'normalize-path': [ '3.0.0' ],
14 silly audit   'npm-run-path': [ '4.0.1' ],
14 silly audit   oauth: [ '0.10.2' ],
14 silly audit   'object-assign': [ '4.1.1' ],
14 silly audit   'object-inspect': [ '1.13.4' ],
14 silly audit   'on-finished': [ '2.4.1' ],
14 silly audit   'on-headers': [ '1.1.0' ],
14 silly audit   once: [ '1.4.0' ],
14 silly audit   onetime: [ '5.1.2' ],
14 silly audit   optionator: [ '0.9.4' ],
14 silly audit   'p-try': [ '2.2.0' ],
14 silly audit   'package-json-from-dist': [ '1.0.1' ],
14 silly audit   'parent-module': [ '1.0.1' ],
14 silly audit   'parse-json': [ '5.2.0' ],
14 silly audit   parseurl: [ '1.3.3' ],
14 silly audit   passport: [ '0.7.0' ],
14 silly audit   'passport-discord': [ '0.1.4' ],
14 silly audit   'passport-oauth2': [ '1.8.0' ],
14 silly audit   'passport-strategy': [ '1.0.0' ],
14 silly audit   'path-is-absolute': [ '1.0.1' ],
14 silly audit   'path-key': [ '3.1.1' ],
14 silly audit   'path-scurry': [ '1.11.1' ],
14 silly audit   'path-to-regexp': [ '8.2.0' ],
14 silly audit   pause: [ '0.0.1' ],
14 silly audit   picocolors: [ '1.1.1' ],
14 silly audit   pirates: [ '4.0.7' ],
14 silly audit   'pkg-dir': [ '4.2.0' ],
14 silly audit   'prelude-ls': [ '1.2.1' ],
14 silly audit   prettier: [ '3.6.2' ],
14 silly audit   'pretty-format': [ '30.0.5' ],
14 silly audit   'proxy-addr': [ '2.0.7' ],
14 silly audit   punycode: [ '2.3.1' ],
14 silly audit   'pure-rand': [ '7.0.1' ],
14 silly audit   qs: [ '6.14.0' ],
14 silly audit   'random-bytes': [ '1.0.0' ],
14 silly audit   'range-parser': [ '1.2.1' ],
14 silly audit   'raw-body': [ '3.0.0' ],
14 silly audit   'react-is': [ '18.3.1' ],
14 silly audit   'require-directory': [ '2.1.1' ],
14 silly audit   'require-from-string': [ '2.0.2' ],
14 silly audit   'resolve-cwd': [ '3.0.0' ],
14 silly audit   retry: [ '0.12.0' ],
14 silly audit   router: [ '2.2.0' ],
14 silly audit   'safe-buffer': [ '5.2.1' ],
14 silly audit   'safer-buffer': [ '2.1.2' ],
14 silly audit   send: [ '1.2.0' ],
14 silly audit   'serve-static': [ '2.2.0' ],
14 silly audit   'session-file-store': [ '1.5.0' ],
14 silly audit   setprototypeof: [ '1.2.0' ],
14 silly audit   'shebang-command': [ '2.0.0' ],
14 silly audit   'shebang-regex': [ '3.0.0' ],
14 silly audit   'side-channel': [ '1.1.0' ],
14 silly audit   'side-channel-list': [ '1.0.0' ],
14 silly audit   'side-channel-map': [ '1.0.1' ],
14 silly audit   'side-channel-weakmap': [ '1.0.2' ],
14 silly audit   slash: [ '3.0.0' ],
14 silly audit   'source-map': [ '0.6.1' ],
14 silly audit   'source-map-support': [ '0.5.13' ],
14 silly audit   split2: [ '4.2.0' ],
14 silly audit   'sprintf-js': [ '1.0.3' ],
14 silly audit   'stack-utils': [ '2.0.6' ],
14 silly audit   'string-length': [ '4.0.2' ],
14 silly audit   'strip-bom': [ '4.0.0' ],
14 silly audit   'strip-final-newline': [ '2.0.0' ],
14 silly audit   'strip-json-comments': [ '3.1.1' ],
14 silly audit   synckit: [ '0.11.11' ],
14 silly audit   'test-exclude': [ '6.0.0' ],
14 silly audit   'text-extensions': [ '2.4.0' ],
14 silly audit   through: [ '2.3.8' ],
14 silly audit   tinyexec: [ '1.0.1' ],
14 silly audit   tmpl: [ '1.0.5' ],
14 silly audit   'to-regex-range': [ '5.0.1' ],
14 silly audit   toidentifier: [ '1.0.1' ],
14 silly audit   'ts-mixer': [ '6.0.4' ],
14 silly audit   tslib: [ '2.8.1' ],
14 silly audit   'type-check': [ '0.4.0' ],
14 silly audit   'type-detect': [ '4.0.8' ],
14 silly audit   'type-fest': [ '0.21.3' ],
14 silly audit   'type-is': [ '2.0.1' ],
14 silly audit   'typedarray-to-buffer': [ '3.1.5' ],
14 silly audit   typescript: [ '5.9.2' ],
14 silly audit   'uid-safe': [ '2.1.5' ],
14 silly audit   uid2: [ '0.0.4' ],
14 silly audit   undici: [ '6.21.3' ],
14 silly audit   'undici-types': [ '7.8.0' ],
14 silly audit   'unicorn-magic': [ '0.1.0' ],
14 silly audit   universalify: [ '0.1.2' ],
14 silly audit   unpipe: [ '1.0.0' ],
14 silly audit   'unrs-resolver': [ '1.11.1' ],
14 silly audit   'update-browserslist-db': [ '1.1.3' ],
14 silly audit   'uri-js': [ '4.4.1' ],
14 silly audit   'utils-merge': [ '1.0.1' ],
14 silly audit   uuid: [ '8.3.2' ],
14 silly audit   'v8-to-istanbul': [ '9.3.0' ],
14 silly audit   vary: [ '1.1.2' ],
14 silly audit   walker: [ '1.0.8' ],
14 silly audit   wanakana: [ '5.3.1' ],
14 silly audit   which: [ '2.0.2' ],
14 silly audit   'word-wrap': [ '1.2.5' ],
14 silly audit   wrappy: [ '1.0.2' ],
14 silly audit   ws: [ '8.18.3' ],
14 silly audit   y18n: [ '5.0.8' ],
14 silly audit   yallist: [ '3.1.1' ],
14 silly audit   yargs: [ '17.7.2' ],
14 silly audit   'yargs-parser': [ '21.1.1' ],
14 silly audit   zlibjs: [ '0.3.1' ]
14 silly audit }
15 http fetch POST 200 https://registry.npmjs.org/-/npm/v1/security/advisories/bulk 638ms
16 silly audit report {}
17 verbose cwd /data/data/com.termux/files/home/discord-server-bot
18 verbose os Linux 5.4.259-perf-g98b987981a60
19 verbose node v22.17.1
20 verbose npm  v10.9.2
21 verbose exit 0
22 info ok
