
------------------------------------------------------------
Sat Jul 26 2025 10:58:23 GMT+0900 (Japan Standard Time)

2025-07-25T23:58:47.578011786Z [dotenv@17.2.1] injecting env (1) from .env [2m-- tip: ⚙️  specify custom .env file path with { path: '/custom/path/.env' }[0m
2025-07-25T23:58:51.364318773Z --------------------------------------------------
2025-07-25T23:58:51.364364411Z [起動] サーバー統計情報表示BOT#5945 が起動しました。
2025-07-25T23:58:51.364512674Z [起動] スラッシュコマンドを登録します。
2025-07-25T23:58:51.575562758Z [起動] ギルド "すぺーの世界🌍" にスラッシュコマンドを登録しました。
2025-07-25T23:58:51.896504326Z [起動] ギルド "サバイバル専用メモサーバー" にスラッシュコマンドを登録しました。
2025-07-25T23:58:52.022540588Z [起動] ギルド "bot test" にスラッシュコマンドを登録しました。
2025-07-25T23:58:52.157085034Z [起動] ギルド "tma59のサーバー" にスラッシュコマンドを登録しました。
2025-07-25T23:58:52.282714968Z [起動] ギルド "tma59のサーバー3" にスラッシュコマンドを登録しました。
2025-07-25T23:58:52.282760886Z [起動] スラッシュコマンドの登録が完了しました。
2025-07-25T23:58:52.285287081Z [起動] 保存されているバックアップスケジュールを読み込みました。
2025-07-25T23:58:52.285333540Z --------------------------------------------------
2025-07-25T23:59:24.072635051Z [コマンド実行] ユーザー: nigenkun (ID: 1068465891743899698) | コマンド: /backup name: test1 | サーバー: tma59のサーバー3 (ID: 1398399169420460083)
2025-07-25T23:59:24.319706745Z [バックアップ] ロール情報を収集しています...
2025-07-25T23:59:24.320780830Z [バックアップ] ロール情報の収集が完了しました。
2025-07-25T23:59:24.320829033Z [バックアップ] チャンネル情報とメッセージ履歴を収集しています...
2025-07-25T23:59:24.517020130Z [バックアップ] チャンネル情報とメッセージ履歴の収集が完了しました。
2025-07-25T23:59:40.358555053Z [コマンド実行] ユーザー: nigenkun (ID: 1068465891743899698) | コマンド: /restore name: test1 | サーバー: tma59のサーバー (ID: 1397619460474409071)
2025-07-25T23:59:40.691327635Z [復元] サーバー "tma59のサーバー" (ID: 1397619460474409071) の復元処理を開始します。
2025-07-25T23:59:40.691369265Z [復元] ロールの復元を開始します。
2025-07-25T23:59:40.691537517Z [復元] 既存のロール "test3" を更新します。
2025-07-25T23:59:40.692096226Z [エラー] ロール "test3" の作成または編集に失敗しました。Botのロールが対象ロールより下にある可能性があります。 Cannot convert [object Object] to a BigInt
2025-07-25T23:59:40.692208391Z [復元] 既存のロール "test1" を更新します。
2025-07-25T23:59:40.696025496Z [エラー] ロール "test1" の作成または編集に失敗しました。Botのロールが対象ロールより下にある可能性があります。 Cannot convert [object Object] to a BigInt
2025-07-25T23:59:40.698232630Z [復元] 既存のロール "サーバー情報表示BOT" を更新します。
2025-07-25T23:59:40.699111302Z [エラー] ロール "サーバー情報表示BOT" の作成または編集に失敗しました。Botのロールが対象ロールより下にある可能性があります。 Cannot convert [object Object] to a BigInt
2025-07-25T23:59:40.699140147Z [復元] ロールの復元が完了しました。
2025-07-25T23:59:40.699173752Z [復元] チャンネルの復元を開始します。
2025-07-25T23:59:40.700175118Z [復元] 既存のカテゴリ "テキストチャンネル" を使用します。
2025-07-25T23:59:40.700290399Z [復元] 既存のカテゴリ "ボイスチャンネル" を使用します。
2025-07-25T23:59:40.700771359Z [復元] 既存のチャンネル "一般" を使用します。
2025-07-25T23:59:40.700967204Z [復元] チャンネル "一般" に 5 件のメッセージを復元します。
2025-07-25T23:59:41.793405481Z [復元] 既存のチャンネル "一般" を使用します。
2025-07-25T23:59:41.793509891Z [復元] 既存のチャンネル "test3" を使用します。
2025-07-25T23:59:41.793624280Z [復元] チャンネル "test3" に 6 件のメッセージを復元します。
2025-07-25T23:59:47.277595108Z [復元] チャンネルの復元が完了しました。
2025-07-25T23:59:47.277663269Z [復元] サーバー "tma59のサーバー" (ID: 1397619460474409071) の復元処理が完了しました。
2025-07-26T00:02:52.953525103Z [コマンド実行] ユーザー: nigenkun (ID: 1068465891743899698) | コマンド: /deletemessage user: 1394519643028455485 count: 30 | サーバー: tma59のサーバー3 (ID: 1398399169420460083)
2025-07-26T00:02:53.114107919Z [削除] チャンネル "test3" (ID: 1398399505254187054) のメッセージ削除処理を開始します。
2025-07-26T00:02:53.431849463Z [削除] ユーザー "サーバー統計情報表示BOT#5945" のメッセージを 6 件削除しました。
2025-07-26T00:03:05.838285224Z [コマンド実行] ユーザー: nigenkun (ID: 1068465891743899698) | コマンド: /deletemessage user: 1394519643028455485 count: 7 | サーバー: tma59のサーバー3 (ID: 1398399169420460083)
2025-07-26T00:03:06.124982526Z [削除] チャンネル "一般" (ID: 1398399169865060495) のメッセージ削除処理を開始します。
2025-07-26T00:03:06.413654549Z [削除] ユーザー "サーバー統計情報表示BOT#5945" のメッセージを 5 件削除しました。
2025-07-26T00:03:32.828676411Z [コマンド実行] ユーザー: nigenkun (ID: 1068465891743899698) | コマンド: /backup name: test1 | サーバー: tma59のサーバー3 (ID: 1398399169420460083)
2025-07-26T00:03:33.137734201Z [バックアップ] ロール情報を収集しています...
2025-07-26T00:03:33.138244779Z [バックアップ] ロール情報の収集が完了しました。
2025-07-26T00:03:33.138279987Z [バックアップ] チャンネル情報とメッセージ履歴を収集しています...
2025-07-26T00:03:33.341398147Z [バックアップ] チャンネル情報とメッセージ履歴の収集が完了しました。
2025-07-26T00:03:47.914062090Z [コマンド実行] ユーザー: nigenkun (ID: 1068465891743899698) | コマンド: /deletemessage user: 1394519643028455485 count: 30 | サーバー: tma59のサーバー (ID: 1397619460474409071)
2025-07-26T00:03:48.194289661Z [削除] チャンネル "test3" (ID: 1397969646283653240) のメッセージ削除処理を開始します。
2025-07-26T00:03:48.578248729Z [削除] ユーザー "サーバー統計情報表示BOT#5945" のメッセージを 7 件削除しました。
2025-07-26T00:04:02.345518051Z [コマンド実行] ユーザー: nigenkun (ID: 1068465891743899698) | コマンド: /deletemessage user: 1068465891743899698 count: 30 | サーバー: tma59のサーバー (ID: 1397619460474409071)
2025-07-26T00:04:02.529596510Z [削除] チャンネル "test3" (ID: 1397969646283653240) のメッセージ削除処理を開始します。
2025-07-26T00:04:02.996698097Z [削除] ユーザー "nigenkun" のメッセージを 5 件削除しました。
2025-07-26T00:04:14.481571882Z [コマンド実行] ユーザー: nigenkun (ID: 1068465891743899698) | コマンド: /deletemessage user: 1394519643028455485 count: 30 | サーバー: tma59のサーバー (ID: 1397619460474409071)
2025-07-26T00:04:14.707400700Z [削除] チャンネル "一般" (ID: 1397619461342625916) のメッセージ削除処理を開始します。
2025-07-26T00:04:15.014281862Z [削除] ユーザー "サーバー統計情報表示BOT#5945" のメッセージを 5 件削除しました。
2025-07-26T00:04:26.660273572Z [コマンド実行] ユーザー: nigenkun (ID: 1068465891743899698) | コマンド: /restore name: test1 | サーバー: tma59のサーバー (ID: 1397619460474409071)
2025-07-26T00:04:27.072866708Z [復元] サーバー "tma59のサーバー" (ID: 1397619460474409071) の復元処理を開始します。
2025-07-26T00:04:27.072934758Z [復元] ロールの復元を開始します。
2025-07-26T00:04:27.072958023Z [復元] 既存のロール "test3" を更新します。
2025-07-26T00:04:27.073137617Z [エラー] ロール "test3" の作成または編集に失敗しました。Botのロールが対象ロールより下にある可能性があります。 Cannot convert [object Object] to a BigInt
2025-07-26T00:04:27.073234001Z [復元] 既存のロール "test1" を更新します。
2025-07-26T00:04:27.073345375Z [エラー] ロール "test1" の作成または編集に失敗しました。Botのロールが対象ロールより下にある可能性があります。 Cannot convert [object Object] to a BigInt
2025-07-26T00:04:27.073404448Z [復元] 既存のロール "サーバー情報表示BOT" を更新します。
2025-07-26T00:04:27.073519799Z [エラー] ロール "サーバー情報表示BOT" の作成または編集に失敗しました。Botのロールが対象ロールより下にある可能性があります。 Cannot convert [object Object] to a BigInt
2025-07-26T00:04:27.073559264Z [復元] ロールの復元が完了しました。
2025-07-26T00:04:27.073657873Z [復元] チャンネルの復元を開始します。
2025-07-26T00:04:27.073796559Z [復元] 既存のカテゴリ "テキストチャンネル" を使用します。
2025-07-26T00:04:27.073912761Z [復元] 既存のカテゴリ "ボイスチャンネル" を使用します。
2025-07-26T00:04:27.074012893Z [復元] 既存のチャンネル "一般" を使用します。
2025-07-26T00:04:27.074119828Z [復元] チャンネル "一般" に 1 件のメッセージを復元します。
2025-07-26T00:04:27.728180014Z [復元] 既存のチャンネル "一般" を使用します。
2025-07-26T00:04:27.728206185Z [復元] 既存のチャンネル "test3" を使用します。
2025-07-26T00:04:27.728211926Z [復元] チャンネル "test3" に 1 件のメッセージを復元します。
2025-07-26T00:04:27.850455328Z [復元] チャンネルの復元が完了しました。
2025-07-26T00:04:27.850504632Z [復元] サーバー "tma59のサーバー" (ID: 1397619460474409071) の復元処理が完了しました。
2025-07-26T00:04:59.412101599Z [コマンド実行] ユーザー: nigenkun (ID: 1068465891743899698) | コマンド: /help  | サーバー: tma59のサーバー3 (ID: 1398399169420460083)

------------------------------------------------------------
Sat Jul 26 2025 10:59:13 GMT+0900 (Japan Standard Time)

2025-07-25T23:58:47.578011786Z [dotenv@17.2.1] injecting env (1) from .env [2m-- tip: ⚙️  specify custom .env file path with { path: '/custom/path/.env' }[0m
2025-07-25T23:58:51.364318773Z --------------------------------------------------
2025-07-25T23:58:51.364364411Z [起動] サーバー統計情報表示BOT#5945 が起動しました。
2025-07-25T23:58:51.364512674Z [起動] スラッシュコマンドを登録します。
2025-07-25T23:58:51.575562758Z [起動] ギルド "すぺーの世界🌍" にスラッシュコマンドを登録しました。
2025-07-25T23:58:51.896504326Z [起動] ギルド "サバイバル専用メモサーバー" にスラッシュコマンドを登録しました。
2025-07-25T23:58:52.022540588Z [起動] ギルド "bot test" にスラッシュコマンドを登録しました。
2025-07-25T23:58:52.157085034Z [起動] ギルド "tma59のサーバー" にスラッシュコマンドを登録しました。
2025-07-25T23:58:52.282714968Z [起動] ギルド "tma59のサーバー3" にスラッシュコマンドを登録しました。
2025-07-25T23:58:52.282760886Z [起動] スラッシュコマンドの登録が完了しました。
2025-07-25T23:58:52.285287081Z [起動] 保存されているバックアップスケジュールを読み込みました。
2025-07-25T23:58:52.285333540Z --------------------------------------------------
2025-07-25T23:59:24.072635051Z [コマンド実行] ユーザー: nigenkun (ID: 1068465891743899698) | コマンド: /backup name: test1 | サーバー: tma59のサーバー3 (ID: 1398399169420460083)
2025-07-25T23:59:24.319706745Z [バックアップ] ロール情報を収集しています...
2025-07-25T23:59:24.320780830Z [バックアップ] ロール情報の収集が完了しました。
2025-07-25T23:59:24.320829033Z [バックアップ] チャンネル情報とメッセージ履歴を収集しています...
2025-07-25T23:59:24.517020130Z [バックアップ] チャンネル情報とメッセージ履歴の収集が完了しました。
2025-07-25T23:59:40.358555053Z [コマンド実行] ユーザー: nigenkun (ID: 1068465891743899698) | コマンド: /restore name: test1 | サーバー: tma59のサーバー (ID: 1397619460474409071)
2025-07-25T23:59:40.691327635Z [復元] サーバー "tma59のサーバー" (ID: 1397619460474409071) の復元処理を開始します。
2025-07-25T23:59:40.691369265Z [復元] ロールの復元を開始します。
2025-07-25T23:59:40.691537517Z [復元] 既存のロール "test3" を更新します。
2025-07-25T23:59:40.692096226Z [エラー] ロール "test3" の作成または編集に失敗しました。Botのロールが対象ロールより下にある可能性があります。 Cannot convert [object Object] to a BigInt
2025-07-25T23:59:40.692208391Z [復元] 既存のロール "test1" を更新します。
2025-07-25T23:59:40.696025496Z [エラー] ロール "test1" の作成または編集に失敗しました。Botのロールが対象ロールより下にある可能性があります。 Cannot convert [object Object] to a BigInt
2025-07-25T23:59:40.698232630Z [復元] 既存のロール "サーバー情報表示BOT" を更新します。
2025-07-25T23:59:40.699111302Z [エラー] ロール "サーバー情報表示BOT" の作成または編集に失敗しました。Botのロールが対象ロールより下にある可能性があります。 Cannot convert [object Object] to a BigInt
2025-07-25T23:59:40.699140147Z [復元] ロールの復元が完了しました。
2025-07-25T23:59:40.699173752Z [復元] チャンネルの復元を開始します。
2025-07-25T23:59:40.700175118Z [復元] 既存のカテゴリ "テキストチャンネル" を使用します。
2025-07-25T23:59:40.700290399Z [復元] 既存のカテゴリ "ボイスチャンネル" を使用します。
2025-07-25T23:59:40.700771359Z [復元] 既存のチャンネル "一般" を使用します。
2025-07-25T23:59:40.700967204Z [復元] チャンネル "一般" に 5 件のメッセージを復元します。
2025-07-25T23:59:41.793405481Z [復元] 既存のチャンネル "一般" を使用します。
2025-07-25T23:59:41.793509891Z [復元] 既存のチャンネル "test3" を使用します。
2025-07-25T23:59:41.793624280Z [復元] チャンネル "test3" に 6 件のメッセージを復元します。
2025-07-25T23:59:47.277595108Z [復元] チャンネルの復元が完了しました。
2025-07-25T23:59:47.277663269Z [復元] サーバー "tma59のサーバー" (ID: 1397619460474409071) の復元処理が完了しました。
2025-07-26T00:02:52.953525103Z [コマンド実行] ユーザー: nigenkun (ID: 1068465891743899698) | コマンド: /deletemessage user: 1394519643028455485 count: 30 | サーバー: tma59のサーバー3 (ID: 1398399169420460083)
2025-07-26T00:02:53.114107919Z [削除] チャンネル "test3" (ID: 1398399505254187054) のメッセージ削除処理を開始します。
2025-07-26T00:02:53.431849463Z [削除] ユーザー "サーバー統計情報表示BOT#5945" のメッセージを 6 件削除しました。
2025-07-26T00:03:05.838285224Z [コマンド実行] ユーザー: nigenkun (ID: 1068465891743899698) | コマンド: /deletemessage user: 1394519643028455485 count: 7 | サーバー: tma59のサーバー3 (ID: 1398399169420460083)
2025-07-26T00:03:06.124982526Z [削除] チャンネル "一般" (ID: 1398399169865060495) のメッセージ削除処理を開始します。
2025-07-26T00:03:06.413654549Z [削除] ユーザー "サーバー統計情報表示BOT#5945" のメッセージを 5 件削除しました。
2025-07-26T00:03:32.828676411Z [コマンド実行] ユーザー: nigenkun (ID: 1068465891743899698) | コマンド: /backup name: test1 | サーバー: tma59のサーバー3 (ID: 1398399169420460083)
2025-07-26T00:03:33.137734201Z [バックアップ] ロール情報を収集しています...
2025-07-26T00:03:33.138244779Z [バックアップ] ロール情報の収集が完了しました。
2025-07-26T00:03:33.138279987Z [バックアップ] チャンネル情報とメッセージ履歴を収集しています...
2025-07-26T00:03:33.341398147Z [バックアップ] チャンネル情報とメッセージ履歴の収集が完了しました。
2025-07-26T00:03:47.914062090Z [コマンド実行] ユーザー: nigenkun (ID: 1068465891743899698) | コマンド: /deletemessage user: 1394519643028455485 count: 30 | サーバー: tma59のサーバー (ID: 1397619460474409071)
2025-07-26T00:03:48.194289661Z [削除] チャンネル "test3" (ID: 1397969646283653240) のメッセージ削除処理を開始します。
2025-07-26T00:03:48.578248729Z [削除] ユーザー "サーバー統計情報表示BOT#5945" のメッセージを 7 件削除しました。
2025-07-26T00:04:02.345518051Z [コマンド実行] ユーザー: nigenkun (ID: 1068465891743899698) | コマンド: /deletemessage user: 1068465891743899698 count: 30 | サーバー: tma59のサーバー (ID: 1397619460474409071)
2025-07-26T00:04:02.529596510Z [削除] チャンネル "test3" (ID: 1397969646283653240) のメッセージ削除処理を開始します。
2025-07-26T00:04:02.996698097Z [削除] ユーザー "nigenkun" のメッセージを 5 件削除しました。
2025-07-26T00:04:14.481571882Z [コマンド実行] ユーザー: nigenkun (ID: 1068465891743899698) | コマンド: /deletemessage user: 1394519643028455485 count: 30 | サーバー: tma59のサーバー (ID: 1397619460474409071)
2025-07-26T00:04:14.707400700Z [削除] チャンネル "一般" (ID: 1397619461342625916) のメッセージ削除処理を開始します。
2025-07-26T00:04:15.014281862Z [削除] ユーザー "サーバー統計情報表示BOT#5945" のメッセージを 5 件削除しました。
2025-07-26T00:04:26.660273572Z [コマンド実行] ユーザー: nigenkun (ID: 1068465891743899698) | コマンド: /restore name: test1 | サーバー: tma59のサーバー (ID: 1397619460474409071)
2025-07-26T00:04:27.072866708Z [復元] サーバー "tma59のサーバー" (ID: 1397619460474409071) の復元処理を開始します。
2025-07-26T00:04:27.072934758Z [復元] ロールの復元を開始します。
2025-07-26T00:04:27.072958023Z [復元] 既存のロール "test3" を更新します。
2025-07-26T00:04:27.073137617Z [エラー] ロール "test3" の作成または編集に失敗しました。Botのロールが対象ロールより下にある可能性があります。 Cannot convert [object Object] to a BigInt
2025-07-26T00:04:27.073234001Z [復元] 既存のロール "test1" を更新します。
2025-07-26T00:04:27.073345375Z [エラー] ロール "test1" の作成または編集に失敗しました。Botのロールが対象ロールより下にある可能性があります。 Cannot convert [object Object] to a BigInt
2025-07-26T00:04:27.073404448Z [復元] 既存のロール "サーバー情報表示BOT" を更新します。
2025-07-26T00:04:27.073519799Z [エラー] ロール "サーバー情報表示BOT" の作成または編集に失敗しました。Botのロールが対象ロールより下にある可能性があります。 Cannot convert [object Object] to a BigInt
2025-07-26T00:04:27.073559264Z [復元] ロールの復元が完了しました。
2025-07-26T00:04:27.073657873Z [復元] チャンネルの復元を開始します。
2025-07-26T00:04:27.073796559Z [復元] 既存のカテゴリ "テキストチャンネル" を使用します。
2025-07-26T00:04:27.073912761Z [復元] 既存のカテゴリ "ボイスチャンネル" を使用します。
2025-07-26T00:04:27.074012893Z [復元] 既存のチャンネル "一般" を使用します。
2025-07-26T00:04:27.074119828Z [復元] チャンネル "一般" に 1 件のメッセージを復元します。
2025-07-26T00:04:27.728180014Z [復元] 既存のチャンネル "一般" を使用します。
2025-07-26T00:04:27.728206185Z [復元] 既存のチャンネル "test3" を使用します。
2025-07-26T00:04:27.728211926Z [復元] チャンネル "test3" に 1 件のメッセージを復元します。
2025-07-26T00:04:27.850455328Z [復元] チャンネルの復元が完了しました。
2025-07-26T00:04:27.850504632Z [復元] サーバー "tma59のサーバー" (ID: 1397619460474409071) の復元処理が完了しました。
2025-07-26T00:04:59.412101599Z [コマンド実行] ユーザー: nigenkun (ID: 1068465891743899698) | コマンド: /help  | サーバー: tma59のサーバー3 (ID: 1398399169420460083)
2025-07-26T01:58:58.009458938Z [コマンド実行] ユーザー: nigenkun (ID: 1068465891743899698) | コマンド: /backup name: test1 | サーバー: tma59のサーバー3 (ID: 1398399169420460083)
2025-07-26T01:58:58.358574176Z [バックアップ] ロール情報を収集しています...
2025-07-26T01:58:58.359051148Z [バックアップ] ロール情報の収集が完了しました。
2025-07-26T01:58:58.359120971Z [バックアップ] チャンネル情報とメッセージ履歴を収集しています...
2025-07-26T01:58:58.568831987Z [バックアップ] チャンネル情報とメッセージ履歴の収集が完了しました。

------------------------------------------------------------
Sat Jul 26 2025 10:59:20 GMT+0900 (Japan Standard Time)

2025-07-25T23:58:47.578011786Z [dotenv@17.2.1] injecting env (1) from .env [2m-- tip: ⚙️  specify custom .env file path with { path: '/custom/path/.env' }[0m
2025-07-25T23:58:51.364318773Z --------------------------------------------------
2025-07-25T23:58:51.364364411Z [起動] サーバー統計情報表示BOT#5945 が起動しました。
2025-07-25T23:58:51.364512674Z [起動] スラッシュコマンドを登録します。
2025-07-25T23:58:51.575562758Z [起動] ギルド "すぺーの世界🌍" にスラッシュコマンドを登録しました。
2025-07-25T23:58:51.896504326Z [起動] ギルド "サバイバル専用メモサーバー" にスラッシュコマンドを登録しました。
2025-07-25T23:58:52.022540588Z [起動] ギルド "bot test" にスラッシュコマンドを登録しました。
2025-07-25T23:58:52.157085034Z [起動] ギルド "tma59のサーバー" にスラッシュコマンドを登録しました。
2025-07-25T23:58:52.282714968Z [起動] ギルド "tma59のサーバー3" にスラッシュコマンドを登録しました。
2025-07-25T23:58:52.282760886Z [起動] スラッシュコマンドの登録が完了しました。
2025-07-25T23:58:52.285287081Z [起動] 保存されているバックアップスケジュールを読み込みました。
2025-07-25T23:58:52.285333540Z --------------------------------------------------
2025-07-25T23:59:24.072635051Z [コマンド実行] ユーザー: nigenkun (ID: 1068465891743899698) | コマンド: /backup name: test1 | サーバー: tma59のサーバー3 (ID: 1398399169420460083)
2025-07-25T23:59:24.319706745Z [バックアップ] ロール情報を収集しています...
2025-07-25T23:59:24.320780830Z [バックアップ] ロール情報の収集が完了しました。
2025-07-25T23:59:24.320829033Z [バックアップ] チャンネル情報とメッセージ履歴を収集しています...
2025-07-25T23:59:24.517020130Z [バックアップ] チャンネル情報とメッセージ履歴の収集が完了しました。
2025-07-25T23:59:40.358555053Z [コマンド実行] ユーザー: nigenkun (ID: 1068465891743899698) | コマンド: /restore name: test1 | サーバー: tma59のサーバー (ID: 1397619460474409071)
2025-07-25T23:59:40.691327635Z [復元] サーバー "tma59のサーバー" (ID: 1397619460474409071) の復元処理を開始します。
2025-07-25T23:59:40.691369265Z [復元] ロールの復元を開始します。
2025-07-25T23:59:40.691537517Z [復元] 既存のロール "test3" を更新します。
2025-07-25T23:59:40.692096226Z [エラー] ロール "test3" の作成または編集に失敗しました。Botのロールが対象ロールより下にある可能性があります。 Cannot convert [object Object] to a BigInt
2025-07-25T23:59:40.692208391Z [復元] 既存のロール "test1" を更新します。
2025-07-25T23:59:40.696025496Z [エラー] ロール "test1" の作成または編集に失敗しました。Botのロールが対象ロールより下にある可能性があります。 Cannot convert [object Object] to a BigInt
2025-07-25T23:59:40.698232630Z [復元] 既存のロール "サーバー情報表示BOT" を更新します。
2025-07-25T23:59:40.699111302Z [エラー] ロール "サーバー情報表示BOT" の作成または編集に失敗しました。Botのロールが対象ロールより下にある可能性があります。 Cannot convert [object Object] to a BigInt
2025-07-25T23:59:40.699140147Z [復元] ロールの復元が完了しました。
2025-07-25T23:59:40.699173752Z [復元] チャンネルの復元を開始します。
2025-07-25T23:59:40.700175118Z [復元] 既存のカテゴリ "テキストチャンネル" を使用します。
2025-07-25T23:59:40.700290399Z [復元] 既存のカテゴリ "ボイスチャンネル" を使用します。
2025-07-25T23:59:40.700771359Z [復元] 既存のチャンネル "一般" を使用します。
2025-07-25T23:59:40.700967204Z [復元] チャンネル "一般" に 5 件のメッセージを復元します。
2025-07-25T23:59:41.793405481Z [復元] 既存のチャンネル "一般" を使用します。
2025-07-25T23:59:41.793509891Z [復元] 既存のチャンネル "test3" を使用します。
2025-07-25T23:59:41.793624280Z [復元] チャンネル "test3" に 6 件のメッセージを復元します。
2025-07-25T23:59:47.277595108Z [復元] チャンネルの復元が完了しました。
2025-07-25T23:59:47.277663269Z [復元] サーバー "tma59のサーバー" (ID: 1397619460474409071) の復元処理が完了しました。
2025-07-26T00:02:52.953525103Z [コマンド実行] ユーザー: nigenkun (ID: 1068465891743899698) | コマンド: /deletemessage user: 1394519643028455485 count: 30 | サーバー: tma59のサーバー3 (ID: 1398399169420460083)
2025-07-26T00:02:53.114107919Z [削除] チャンネル "test3" (ID: 1398399505254187054) のメッセージ削除処理を開始します。
2025-07-26T00:02:53.431849463Z [削除] ユーザー "サーバー統計情報表示BOT#5945" のメッセージを 6 件削除しました。
2025-07-26T00:03:05.838285224Z [コマンド実行] ユーザー: nigenkun (ID: 1068465891743899698) | コマンド: /deletemessage user: 1394519643028455485 count: 7 | サーバー: tma59のサーバー3 (ID: 1398399169420460083)
2025-07-26T00:03:06.124982526Z [削除] チャンネル "一般" (ID: 1398399169865060495) のメッセージ削除処理を開始します。
2025-07-26T00:03:06.413654549Z [削除] ユーザー "サーバー統計情報表示BOT#5945" のメッセージを 5 件削除しました。
2025-07-26T00:03:32.828676411Z [コマンド実行] ユーザー: nigenkun (ID: 1068465891743899698) | コマンド: /backup name: test1 | サーバー: tma59のサーバー3 (ID: 1398399169420460083)
2025-07-26T00:03:33.137734201Z [バックアップ] ロール情報を収集しています...
2025-07-26T00:03:33.138244779Z [バックアップ] ロール情報の収集が完了しました。
2025-07-26T00:03:33.138279987Z [バックアップ] チャンネル情報とメッセージ履歴を収集しています...
2025-07-26T00:03:33.341398147Z [バックアップ] チャンネル情報とメッセージ履歴の収集が完了しました。
2025-07-26T00:03:47.914062090Z [コマンド実行] ユーザー: nigenkun (ID: 1068465891743899698) | コマンド: /deletemessage user: 1394519643028455485 count: 30 | サーバー: tma59のサーバー (ID: 1397619460474409071)
2025-07-26T00:03:48.194289661Z [削除] チャンネル "test3" (ID: 1397969646283653240) のメッセージ削除処理を開始します。
2025-07-26T00:03:48.578248729Z [削除] ユーザー "サーバー統計情報表示BOT#5945" のメッセージを 7 件削除しました。
2025-07-26T00:04:02.345518051Z [コマンド実行] ユーザー: nigenkun (ID: 1068465891743899698) | コマンド: /deletemessage user: 1068465891743899698 count: 30 | サーバー: tma59のサーバー (ID: 1397619460474409071)
2025-07-26T00:04:02.529596510Z [削除] チャンネル "test3" (ID: 1397969646283653240) のメッセージ削除処理を開始します。
2025-07-26T00:04:02.996698097Z [削除] ユーザー "nigenkun" のメッセージを 5 件削除しました。
2025-07-26T00:04:14.481571882Z [コマンド実行] ユーザー: nigenkun (ID: 1068465891743899698) | コマンド: /deletemessage user: 1394519643028455485 count: 30 | サーバー: tma59のサーバー (ID: 1397619460474409071)
2025-07-26T00:04:14.707400700Z [削除] チャンネル "一般" (ID: 1397619461342625916) のメッセージ削除処理を開始します。
2025-07-26T00:04:15.014281862Z [削除] ユーザー "サーバー統計情報表示BOT#5945" のメッセージを 5 件削除しました。
2025-07-26T00:04:26.660273572Z [コマンド実行] ユーザー: nigenkun (ID: 1068465891743899698) | コマンド: /restore name: test1 | サーバー: tma59のサーバー (ID: 1397619460474409071)
2025-07-26T00:04:27.072866708Z [復元] サーバー "tma59のサーバー" (ID: 1397619460474409071) の復元処理を開始します。
2025-07-26T00:04:27.072934758Z [復元] ロールの復元を開始します。
2025-07-26T00:04:27.072958023Z [復元] 既存のロール "test3" を更新します。
2025-07-26T00:04:27.073137617Z [エラー] ロール "test3" の作成または編集に失敗しました。Botのロールが対象ロールより下にある可能性があります。 Cannot convert [object Object] to a BigInt
2025-07-26T00:04:27.073234001Z [復元] 既存のロール "test1" を更新します。
2025-07-26T00:04:27.073345375Z [エラー] ロール "test1" の作成または編集に失敗しました。Botのロールが対象ロールより下にある可能性があります。 Cannot convert [object Object] to a BigInt
2025-07-26T00:04:27.073404448Z [復元] 既存のロール "サーバー情報表示BOT" を更新します。
2025-07-26T00:04:27.073519799Z [エラー] ロール "サーバー情報表示BOT" の作成または編集に失敗しました。Botのロールが対象ロールより下にある可能性があります。 Cannot convert [object Object] to a BigInt
2025-07-26T00:04:27.073559264Z [復元] ロールの復元が完了しました。
2025-07-26T00:04:27.073657873Z [復元] チャンネルの復元を開始します。
2025-07-26T00:04:27.073796559Z [復元] 既存のカテゴリ "テキストチャンネル" を使用します。
2025-07-26T00:04:27.073912761Z [復元] 既存のカテゴリ "ボイスチャンネル" を使用します。
2025-07-26T00:04:27.074012893Z [復元] 既存のチャンネル "一般" を使用します。
2025-07-26T00:04:27.074119828Z [復元] チャンネル "一般" に 1 件のメッセージを復元します。
2025-07-26T00:04:27.728180014Z [復元] 既存のチャンネル "一般" を使用します。
2025-07-26T00:04:27.728206185Z [復元] 既存のチャンネル "test3" を使用します。
2025-07-26T00:04:27.728211926Z [復元] チャンネル "test3" に 1 件のメッセージを復元します。
2025-07-26T00:04:27.850455328Z [復元] チャンネルの復元が完了しました。
2025-07-26T00:04:27.850504632Z [復元] サーバー "tma59のサーバー" (ID: 1397619460474409071) の復元処理が完了しました。
2025-07-26T00:04:59.412101599Z [コマンド実行] ユーザー: nigenkun (ID: 1068465891743899698) | コマンド: /help  | サーバー: tma59のサーバー3 (ID: 1398399169420460083)
2025-07-26T01:58:58.009458938Z [コマンド実行] ユーザー: nigenkun (ID: 1068465891743899698) | コマンド: /backup name: test1 | サーバー: tma59のサーバー3 (ID: 1398399169420460083)
2025-07-26T01:58:58.358574176Z [バックアップ] ロール情報を収集しています...
2025-07-26T01:58:58.359051148Z [バックアップ] ロール情報の収集が完了しました。
2025-07-26T01:58:58.359120971Z [バックアップ] チャンネル情報とメッセージ履歴を収集しています...
2025-07-26T01:58:58.568831987Z [バックアップ] チャンネル情報とメッセージ履歴の収集が完了しました。

------------------------------------------------------------
Sat Jul 26 2025 21:26:47 GMT+0900 (Japan Standard Time)

2025-07-26T12:25:34.160818797Z [dotenv@17.2.1] injecting env (1) from .env [2m-- tip: 🔐 prevent building .env in docker: https://dotenvx.com/prebuild[0m
2025-07-26T12:25:37.862141291Z --------------------------------------------------
2025-07-26T12:25:37.862249248Z [起動] サーバー統計情報表示BOT#5945 が起動しました。
2025-07-26T12:25:37.862325293Z [起動] スラッシュコマンドを登録します。
2025-07-26T12:25:38.058640057Z [起動] ギルド "すぺーの世界🌍" にスラッシュコマンドを登録しました。
2025-07-26T12:25:38.221424741Z [起動] ギルド "サバイバル専用メモサーバー" にスラッシュコマンドを登録しました。
2025-07-26T12:25:38.394158023Z [起動] ギルド "bot test" にスラッシュコマンドを登録しました。
2025-07-26T12:25:38.594496292Z [起動] ギルド "tma59のサーバー" にスラッシュコマンドを登録しました。
2025-07-26T12:25:38.715374395Z [起動] ギルド "tma59のサーバー3" にスラッシュコマンドを登録しました。
2025-07-26T12:25:38.715429841Z [起動] スラッシュコマンドの登録が完了しました。
2025-07-26T12:25:38.731993230Z [起動] 保存されているバックアップスケジュールを読み込みました。
2025-07-26T12:25:38.732031233Z --------------------------------------------------
2025-07-26T12:26:12.047694740Z [コマンド実行] ユーザー: nigenkun (ID: 1068465891743899698) | コマンド: /help  | サーバー: tma59のサーバー (ID: 1397619460474409071)
